Added Component: Designator=AR1(H-08A)
Add component. Clean all parameters for all variants
Add component (AddParameter): Name = "ComponentLink1Description"; Value = "Manufacturer Link"; VariantName = "[No Variations]"
Add component (AddParameter): Name = "ComponentLink1URL"; Value = "http://www.analog.com/"; VariantName = "[No Variations]"
Add component (AddParameter): Name = "DatasheetVersion"; Value = "REV. B"; VariantName = "[No Variations]"
Add component (AddParameter): Name = "LatestRevisionDate"; Value = "17-Jul-2002"; VariantName = "[No Variations]"
Add component (AddParameter): Name = "LatestRevisionNote"; Value = "Re-released for DXP Platform."; VariantName = "[No Variations]"
Add component (AddParameter): Name = "PackageDescription"; Value = "Can; 8 Leads; Pin Circle Dia. 5.08 mm; Lead Dia. 0.53 mm (max)"; VariantName = "[No Variations]"
Add component (AddParameter): Name = "PackageReference"; Value = "H-08A"; VariantName = "[No Variations]"
Add component (AddParameter): Name = "PackageVersion"; Value = "1990"; VariantName = "[No Variations]"
Add component (AddParameter): Name = "Published"; Value = "8-Jun-2000"; VariantName = "[No Variations]"
Add component (AddParameter): Name = "Publisher"; Value = "Altium Limited"; VariantName = "[No Variations]"
Added Component: Designator=AR2(H-08A)
Add component. Clean all parameters for all variants
Add component (AddParameter): Name = "ComponentLink1Description"; Value = "Manufacturer Link"; VariantName = "[No Variations]"
Add component (AddParameter): Name = "ComponentLink1URL"; Value = "http://www.analog.com/"; VariantName = "[No Variations]"
Add component (AddParameter): Name = "DatasheetVersion"; Value = "REV. B"; VariantName = "[No Variations]"
Add component (AddParameter): Name = "LatestRevisionDate"; Value = "17-Jul-2002"; VariantName = "[No Variations]"
Add component (AddParameter): Name = "LatestRevisionNote"; Value = "Re-released for DXP Platform."; VariantName = "[No Variations]"
Add component (AddParameter): Name = "PackageDescription"; Value = "Can; 8 Leads; Pin Circle Dia. 5.08 mm; Lead Dia. 0.53 mm (max)"; VariantName = "[No Variations]"
Add component (AddParameter): Name = "PackageReference"; Value = "H-08A"; VariantName = "[No Variations]"
Add component (AddParameter): Name = "PackageVersion"; Value = "1990"; VariantName = "[No Variations]"
Add component (AddParameter): Name = "Published"; Value = "8-Jun-2000"; VariantName = "[No Variations]"
Add component (AddParameter): Name = "Publisher"; Value = "Altium Limited"; VariantName = "[No Variations]"
Added Component: Designator=P1(HDR1X4)
Add component. Clean all parameters for all variants
Add component (AddParameter): Name = "LatestRevisionDate"; Value = "17-Jul-2002"; VariantName = "[No Variations]"
Add component (AddParameter): Name = "LatestRevisionNote"; Value = "Re-released for DXP Platform."; VariantName = "[No Variations]"
Add component (AddParameter): Name = "Publisher"; Value = "Altium Limited"; VariantName = "[No Variations]"
Added Component: Designator=R1(J1-0603)
Add component. Clean all parameters for all variants
Add component (AddParameter): Name = "LatestRevisionDate"; Value = "29-May-2009"; VariantName = "[No Variations]"
Add component (AddParameter): Name = "LatestRevisionNote"; Value = "IPC-7351 Footprint Added."; VariantName = "[No Variations]"
Add component (AddParameter): Name = "PackageDescription"; Value = "Chip Resistor"; VariantName = "[No Variations]"
Add component (AddParameter): Name = "PackageReference"; Value = "J1-0603"; VariantName = "[No Variations]"
Add component (AddParameter): Name = "Published"; Value = "8-Jun-2000"; VariantName = "[No Variations]"
Add component (AddParameter): Name = "Publisher"; Value = "Altium Limited"; VariantName = "[No Variations]"
Add component (AddParameter): Name = "Value"; Value = "1K"; VariantName = "[No Variations]"
Added Component: Designator=R2(POT4MM-2)
Add component. Clean all parameters for all variants
Add component (AddParameter): Name = "ComponentLink1Description"; Value = "Manufacturer Link"; VariantName = "[No Variations]"
Add component (AddParameter): Name = "ComponentLink1URL"; Value = "http://bourns.com/2/search.html"; VariantName = "[No Variations]"
Add component (AddParameter): Name = "DatasheetVersion"; Value = "Oct-2003"; VariantName = "[No Variations]"
Add component (AddParameter): Name = "PackageDescription"; Value = "Square Trimming Potentiometer"; VariantName = "[No Variations]"
Add component (AddParameter): Name = "PackageReference"; Value = "POT4MM-2"; VariantName = "[No Variations]"
Add component (AddParameter): Name = "Published"; Value = "17-Dec-2003"; VariantName = "[No Variations]"
Add component (AddParameter): Name = "Publisher"; Value = "Altium Limited"; VariantName = "[No Variations]"
Added Pin To Net: NetName=+12 Pin=AR1-7
Added Pin To Net: NetName=+12 Pin=AR2-7
Added Pin To Net: NetName=+12 Pin=P1-1
Added Net: Name=+12
Added Pin To Net: NetName=GND Pin=AR1-1
Added Pin To Net: NetName=GND Pin=AR1-3
Added Pin To Net: NetName=GND Pin=AR1-4
Added Pin To Net: NetName=GND Pin=AR1-5
Added Pin To Net: NetName=GND Pin=AR1-8
Added Pin To Net: NetName=GND Pin=AR2-1
Added Pin To Net: NetName=GND Pin=AR2-3
Added Pin To Net: NetName=GND Pin=AR2-4
Added Pin To Net: NetName=GND Pin=AR2-5
Added Pin To Net: NetName=GND Pin=AR2-8
Added Pin To Net: NetName=GND Pin=P1-4
Added Net: Name=GND
Added Pin To Net: NetName=INPUT Pin=P1-3
Added Pin To Net: NetName=INPUT Pin=R2-CW
Added Net: Name=INPUT
Added Pin To Net: NetName=NetAR1_2 Pin=AR1-2
Added Pin To Net: NetName=NetAR1_2 Pin=R1-1
Added Pin To Net: NetName=NetAR1_2 Pin=R2-CCW
Added Pin To Net: NetName=NetAR1_2 Pin=R2-W
Added Net: Name=NetAR1_2
Added Pin To Net: NetName=NetAR1_6 Pin=AR1-6
Added Pin To Net: NetName=NetAR1_6 Pin=AR2-2
Added Pin To Net: NetName=NetAR1_6 Pin=R1-2
Added Net: Name=NetAR1_6
Added Pin To Net: NetName=OUTPUT Pin=AR2-6
Added Pin To Net: NetName=OUTPUT Pin=P1-2
Added Net: Name=OUTPUT
